{"/Users/firfi/work/slops/axios-async/src/async-axios.ts": {"path":"/Users/firfi/work/slops/axios-async/src/async-axios.ts","statementMap":{"0":{"start":{"line":7,"column":0},"end":{"line":7,"column":16}},"1":{"start":{"line":1,"column":0},"end":{"line":1,"column":26}},"2":{"start":{"line":9,"column":24},"end":{"line":9,"column":44}},"3":{"start":{"line":12,"column":29},"end":{"line":12,"column":75}},"4":{"start":{"line":17,"column":2},"end":{"line":17,"column":28}},"5":{"start":{"line":23,"column":13},"end":{"line":26,"column":33}},"6":{"start":{"line":29,"column":24},"end":{"line":29,"column":50}},"7":{"start":{"line":32,"column":0},"end":{"line":34,"column":1}},"8":{"start":{"line":33,"column":2},"end":{"line":33,"column":45}},"9":{"start":{"line":37,"column":0},"end":{"line":37,"column":62}}},"fnMap":{"0":{"name":"createAsyncAxiosInstance","decl":{"start":{"line":7,"column":16},"end":{"line":7,"column":40}},"loc":{"start":{"line":7,"column":84},"end":{"line":18,"column":1}}}},"branchMap":{"0":{"loc":{"start":{"line":32,"column":0},"end":{"line":34,"column":1}},"type":"if","locations":[{"start":{"line":32,"column":0},"end":{"line":34,"column":1}}]}},"s":{"0":1,"1":1,"2":2,"3":2,"4":2,"5":1,"6":1,"7":1,"8":1,"9":1},"f":{"0":2},"b":{"0":[1]}}
}
